
state 0
	$accept: .program $end 
	margin: .    (4)

	.  reduce 4 (src line 51)

	program  goto 1
	margin  goto 2

state 1
	$accept:  program.$end 

	$end  accept
	.  error


state 2
	program:  margin.top margin 
	margin:  margin.NEWLINE 

	NEWLINE  shift 4
	NUM  shift 17
	IDENT  shift 13
	BOOL  shift 18
	IF  shift 9
	'('  shift 19
	'['  shift 20
	'\\'  shift 11
	.  error

	top  goto 3
	expr  goto 12
	term  goto 14
	factor  goto 15
	atom  goto 16
	absexpr  goto 5
	abs  goto 7
	cmpexpr  goto 8
	decl  goto 10
	decls  goto 6

state 3
	program:  margin top.margin 
	margin: .    (4)

	.  reduce 4 (src line 51)

	margin  goto 21

state 4
	margin:  margin NEWLINE.    (5)

	.  reduce 5 (src line 52)


state 5
	top:  absexpr.    (2)

	.  reduce 2 (src line 35)


state 6
	top:  decls.newlines absexpr 
	decls:  decls.newlines decl 

	NEWLINE  shift 23
	.  error

	newlines  goto 22

state 7
	absexpr:  abs.    (10)

	.  reduce 10 (src line 73)


state 8
	absexpr:  cmpexpr.    (11)

	.  reduce 11 (src line 78)


state 9
	absexpr:  IF.cmpexpr THEN cmpexpr ELSE cmpexpr 

	NUM  shift 17
	IDENT  shift 25
	BOOL  shift 18
	'('  shift 19
	'['  shift 20
	.  error

	expr  goto 12
	term  goto 14
	factor  goto 15
	atom  goto 16
	cmpexpr  goto 24

state 10
	decls:  decl.    (8)

	.  reduce 8 (src line 62)


state 11
	abs:  '\\'.IDENT RARROW absexpr 

	IDENT  shift 26
	.  error


state 12
	cmpexpr:  expr.    (13)
	cmpexpr:  expr.EQ expr 
	cmpexpr:  expr.NE expr 
	cmpexpr:  expr.'<' expr 
	cmpexpr:  expr.'>' expr 
	cmpexpr:  expr.LE expr 
	cmpexpr:  expr.GE expr 
	expr:  expr.'+' term 
	expr:  expr.'-' term 

	EQ  shift 27
	NE  shift 28
	LE  shift 31
	GE  shift 32
	'<'  shift 29
	'>'  shift 30
	'+'  shift 33
	'-'  shift 34
	.  reduce 13 (src line 87)


state 13
	decl:  IDENT.'=' absexpr 
	atom:  IDENT.    (29)

	'='  shift 35
	.  reduce 29 (src line 157)


state 14
	expr:  term.    (20)
	term:  term.'*' factor 
	term:  term.'/' factor 

	'*'  shift 36
	'/'  shift 37
	.  reduce 20 (src line 114)


state 15
	term:  factor.    (23)
	factor:  factor.atom 

	NUM  shift 17
	IDENT  shift 25
	BOOL  shift 18
	'('  shift 19
	'['  shift 20
	.  reduce 23 (src line 128)

	atom  goto 38

state 16
	factor:  atom.    (26)

	.  reduce 26 (src line 142)


state 17
	atom:  NUM.    (28)

	.  reduce 28 (src line 152)


state 18
	atom:  BOOL.    (30)

	.  reduce 30 (src line 161)


state 19
	atom:  '('.absexpr ')' 

	NUM  shift 17
	IDENT  shift 25
	BOOL  shift 18
	IF  shift 9
	'('  shift 19
	'['  shift 20
	'\\'  shift 11
	.  error

	expr  goto 12
	term  goto 14
	factor  goto 15
	atom  goto 16
	absexpr  goto 39
	abs  goto 7
	cmpexpr  goto 8

state 20
	atom:  '['.']' 

	']'  shift 40
	.  error


state 21
	program:  margin top margin.    (1)
	margin:  margin.NEWLINE 

	NEWLINE  shift 4
	.  reduce 1 (src line 29)


state 22
	top:  decls newlines.absexpr 
	decls:  decls newlines.decl 

	NUM  shift 17
	IDENT  shift 13
	BOOL  shift 18
	IF  shift 9
	'('  shift 19
	'['  shift 20
	'\\'  shift 11
	.  error

	expr  goto 12
	term  goto 14
	factor  goto 15
	atom  goto 16
	absexpr  goto 41
	abs  goto 7
	cmpexpr  goto 8
	decl  goto 42

state 23
	newlines:  NEWLINE.margin 
	margin: .    (4)

	.  reduce 4 (src line 51)

	margin  goto 43

state 24
	absexpr:  IF cmpexpr.THEN cmpexpr ELSE cmpexpr 

	THEN  shift 44
	.  error


state 25
	atom:  IDENT.    (29)

	.  reduce 29 (src line 157)


state 26
	abs:  '\\' IDENT.RARROW absexpr 

	RARROW  shift 45
	.  error


state 27
	cmpexpr:  expr EQ.expr 

	NUM  shift 17
	IDENT  shift 25
	BOOL  shift 18
	'('  shift 19
	'['  shift 20
	.  error

	expr  goto 46
	term  goto 14
	factor  goto 15
	atom  goto 16

state 28
	cmpexpr:  expr NE.expr 

	NUM  shift 17
	IDENT  shift 25
	BOOL  shift 18
	'('  shift 19
	'['  shift 20
	.  error

	expr  goto 47
	term  goto 14
	factor  goto 15
	atom  goto 16

state 29
	cmpexpr:  expr '<'.expr 

	NUM  shift 17
	IDENT  shift 25
	BOOL  shift 18
	'('  shift 19
	'['  shift 20
	.  error

	expr  goto 48
	term  goto 14
	factor  goto 15
	atom  goto 16

state 30
	cmpexpr:  expr '>'.expr 

	NUM  shift 17
	IDENT  shift 25
	BOOL  shift 18
	'('  shift 19
	'['  shift 20
	.  error

	expr  goto 49
	term  goto 14
	factor  goto 15
	atom  goto 16

state 31
	cmpexpr:  expr LE.expr 

	NUM  shift 17
	IDENT  shift 25
	BOOL  shift 18
	'('  shift 19
	'['  shift 20
	.  error

	expr  goto 50
	term  goto 14
	factor  goto 15
	atom  goto 16

state 32
	cmpexpr:  expr GE.expr 

	NUM  shift 17
	IDENT  shift 25
	BOOL  shift 18
	'('  shift 19
	'['  shift 20
	.  error

	expr  goto 51
	term  goto 14
	factor  goto 15
	atom  goto 16

state 33
	expr:  expr '+'.term 

	NUM  shift 17
	IDENT  shift 25
	BOOL  shift 18
	'('  shift 19
	'['  shift 20
	.  error

	term  goto 52
	factor  goto 15
	atom  goto 16

state 34
	expr:  expr '-'.term 

	NUM  shift 17
	IDENT  shift 25
	BOOL  shift 18
	'('  shift 19
	'['  shift 20
	.  error

	term  goto 53
	factor  goto 15
	atom  goto 16

state 35
	decl:  IDENT '='.absexpr 

	NUM  shift 17
	IDENT  shift 25
	BOOL  shift 18
	IF  shift 9
	'('  shift 19
	'['  shift 20
	'\\'  shift 11
	.  error

	expr  goto 12
	term  goto 14
	factor  goto 15
	atom  goto 16
	absexpr  goto 54
	abs  goto 7
	cmpexpr  goto 8

state 36
	term:  term '*'.factor 

	NUM  shift 17
	IDENT  shift 25
	BOOL  shift 18
	'('  shift 19
	'['  shift 20
	.  error

	factor  goto 55
	atom  goto 16

state 37
	term:  term '/'.factor 

	NUM  shift 17
	IDENT  shift 25
	BOOL  shift 18
	'('  shift 19
	'['  shift 20
	.  error

	factor  goto 56
	atom  goto 16

state 38
	factor:  factor atom.    (27)

	.  reduce 27 (src line 147)


state 39
	atom:  '(' absexpr.')' 

	')'  shift 57
	.  error


state 40
	atom:  '[' ']'.    (32)

	.  reduce 32 (src line 169)


state 41
	top:  decls newlines absexpr.    (3)

	.  reduce 3 (src line 43)


state 42
	decls:  decls newlines decl.    (7)

	.  reduce 7 (src line 57)


state 43
	margin:  margin.NEWLINE 
	newlines:  NEWLINE margin.    (6)

	NEWLINE  shift 4
	.  reduce 6 (src line 54)


state 44
	absexpr:  IF cmpexpr THEN.cmpexpr ELSE cmpexpr 

	NUM  shift 17
	IDENT  shift 25
	BOOL  shift 18
	'('  shift 19
	'['  shift 20
	.  error

	expr  goto 12
	term  goto 14
	factor  goto 15
	atom  goto 16
	cmpexpr  goto 58

state 45
	abs:  '\\' IDENT RARROW.absexpr 

	NUM  shift 17
	IDENT  shift 25
	BOOL  shift 18
	IF  shift 9
	'('  shift 19
	'['  shift 20
	'\\'  shift 11
	.  error

	expr  goto 12
	term  goto 14
	factor  goto 15
	atom  goto 16
	absexpr  goto 59
	abs  goto 7
	cmpexpr  goto 8

state 46
	cmpexpr:  expr EQ expr.    (14)
	expr:  expr.'+' term 
	expr:  expr.'-' term 

	'+'  shift 33
	'-'  shift 34
	.  reduce 14 (src line 89)


state 47
	cmpexpr:  expr NE expr.    (15)
	expr:  expr.'+' term 
	expr:  expr.'-' term 

	'+'  shift 33
	'-'  shift 34
	.  reduce 15 (src line 93)


state 48
	cmpexpr:  expr '<' expr.    (16)
	expr:  expr.'+' term 
	expr:  expr.'-' term 

	'+'  shift 33
	'-'  shift 34
	.  reduce 16 (src line 97)


state 49
	cmpexpr:  expr '>' expr.    (17)
	expr:  expr.'+' term 
	expr:  expr.'-' term 

	'+'  shift 33
	'-'  shift 34
	.  reduce 17 (src line 101)


state 50
	cmpexpr:  expr LE expr.    (18)
	expr:  expr.'+' term 
	expr:  expr.'-' term 

	'+'  shift 33
	'-'  shift 34
	.  reduce 18 (src line 105)


state 51
	cmpexpr:  expr GE expr.    (19)
	expr:  expr.'+' term 
	expr:  expr.'-' term 

	'+'  shift 33
	'-'  shift 34
	.  reduce 19 (src line 109)


state 52
	expr:  expr '+' term.    (21)
	term:  term.'*' factor 
	term:  term.'/' factor 

	'*'  shift 36
	'/'  shift 37
	.  reduce 21 (src line 119)


state 53
	expr:  expr '-' term.    (22)
	term:  term.'*' factor 
	term:  term.'/' factor 

	'*'  shift 36
	'/'  shift 37
	.  reduce 22 (src line 123)


state 54
	decl:  IDENT '=' absexpr.    (9)

	.  reduce 9 (src line 67)


state 55
	term:  term '*' factor.    (24)
	factor:  factor.atom 

	NUM  shift 17
	IDENT  shift 25
	BOOL  shift 18
	'('  shift 19
	'['  shift 20
	.  reduce 24 (src line 133)

	atom  goto 38

state 56
	term:  term '/' factor.    (25)
	factor:  factor.atom 

	NUM  shift 17
	IDENT  shift 25
	BOOL  shift 18
	'('  shift 19
	'['  shift 20
	.  reduce 25 (src line 137)

	atom  goto 38

state 57
	atom:  '(' absexpr ')'.    (31)

	.  reduce 31 (src line 165)


state 58
	absexpr:  IF cmpexpr THEN cmpexpr.ELSE cmpexpr 

	ELSE  shift 60
	.  error


state 59
	abs:  '\\' IDENT RARROW absexpr.    (33)

	.  reduce 33 (src line 174)


state 60
	absexpr:  IF cmpexpr THEN cmpexpr ELSE.cmpexpr 

	NUM  shift 17
	IDENT  shift 25
	BOOL  shift 18
	'('  shift 19
	'['  shift 20
	.  error

	expr  goto 12
	term  goto 14
	factor  goto 15
	atom  goto 16
	cmpexpr  goto 61

state 61
	absexpr:  IF cmpexpr THEN cmpexpr ELSE cmpexpr.    (12)

	.  reduce 12 (src line 82)


28 terminals, 14 nonterminals
34 grammar rules, 62/8000 states
0 shift/reduce, 0 reduce/reduce conflicts reported
63 working sets used
memory: parser 97/120000
46 extra closures
152 shift entries, 1 exceptions
36 goto entries
60 entries saved by goto default
Optimizer space used: output 105/120000
105 table entries, 21 zero
maximum spread: 28, maximum offset: 60
